Change Component Designator: OldDesignator=C? NewDesignator=C1
Change Component Designator: OldDesignator=C? NewDesignator=C2
Change Component Designator: OldDesignator=C? NewDesignator=C3
Change Component Designator: OldDesignator=C? NewDesignator=C4
Change Component Designator: OldDesignator=D? NewDesignator=D1
Change Component Designator: OldDesignator=Q? NewDesignator=Q1
Change Component Designator: OldDesignator=R? NewDesignator=R1
Change Component Designator: OldDesignator=R? NewDesignator=R2
Change Component Designator: OldDesignator=R? NewDesignator=R3
Change Component Designator: OldDesignator=R? NewDesignator=R4
Change Component Designator: OldDesignator=R? NewDesignator=R6
Change Component Designator: OldDesignator=R? NewDesignator=R10
Change Component Designator: OldDesignator=R? NewDesignator=R11
Change Component Designator: OldDesignator=R? NewDesignator=R12
Change Component Designator: OldDesignator=R? NewDesignator=R13
Change Component Designator: OldDesignator=R? NewDesignator=R14
Change Component Designator: OldDesignator=R? NewDesignator=R15
Change Component Designator: OldDesignator=U? NewDesignator=U2
Added Component: Designator=C82(CAP 0805)
Added Component: Designator=C83(CAP CASE D)
Added Component: Designator=C84(CAP CASE D)
Added Component: Designator=C85(CAP 0805)
Added Component: Designator=C86(CAP 0805)
Added Component: Designator=CN4([0503]THT_Hdr_Ma_3x1_0.1_ST)
Added Component: Designator=D8(SMC)
Added Component: Designator=R7(RES 0603 220R)
Added Component: Designator=R9(RES 0603 220R)
Added Component: Designator=U15(EPAD-SO8)
Added Pin To Net: NetName=DGND Pin=C82-1
Added Pin To Net: NetName=12VDC Pin=C82-2
Added Pin To Net: NetName=12VDC Pin=C83-1
Added Pin To Net: NetName=DGND Pin=C83-2
Added Pin To Net: NetName=+V_BOOST Pin=C84-1
Added Pin To Net: NetName=DGND Pin=C84-2
Added Pin To Net: NetName=DGND Pin=C85-1
Added Pin To Net: NetName=+V_BOOST Pin=C85-2
Added Pin To Net: NetName=NetC86_1 Pin=C86-1
Added Pin To Net: NetName=NetC86_2 Pin=C86-2
Added Pin To Net: NetName=12VDC Pin=CN4-1
Added Pin To Net: NetName=CTLEN Pin=CN4-2
Added Pin To Net: NetName=DGND Pin=CN4-3
Added Pin To Net: NetName=DGND Pin=D8-1
Added Pin To Net: NetName=NetC80_1 Pin=D8-2
Added Pin To Net: NetName=NetR7_1 Pin=R7-1
Added Pin To Net: NetName=+V_BOOST Pin=R7-2
Added Pin To Net: NetName=NetR7_1 Pin=R9-1
Added Pin To Net: NetName=DGND Pin=R9-2
Added Pin To Net: NetName=NetC80_1 Pin=U15-1
Added Pin To Net: NetName=NetC80_2 Pin=U15-2
Added Pin To Net: NetName=DGND Pin=U15-3
Added Pin To Net: NetName=NetR73_2 Pin=U15-4
Added Pin To Net: NetName=NetC86_2 Pin=U15-5
Added Pin To Net: NetName=NetR7_1 Pin=U15-6
Added Pin To Net: NetName=NetC79_1 Pin=U15-7
Added Pin To Net: NetName=NetR68_1 Pin=U15-8
Added Pin To Net: NetName=12VDC Pin=U15-9
Change Net Name : Old Net Name=NetC?_1 New Net Name=NetC4_1
Change Net Name : Old Net Name=NetC?_2 New Net Name=NetC2_2
Change Net Name : Old Net Name=NetD?_1 New Net Name=NetD1_1
Change Net Name : Old Net Name=NetD?_4 New Net Name=NetD1_4
Change Net Name : Old Net Name=NetQ?_1 New Net Name=NetQ1_1
Change Net Name : Old Net Name=NetR?_1 New Net Name=NetR4_1
Change Net Name : Old Net Name=NetR?_2 New Net Name=NetR11_2
Added Pin To Net: NetName=NetC1_1 Pin=C1-1
Added Pin To Net: NetName=NetC1_1 Pin=Q-P$1
Added Pin To Net: NetName=NetC1_1 Pin=R2-2
Added Net: Name=NetC1_1
Added Pin To Net: NetName=NetR1_1 Pin=R1-1
Added Pin To Net: NetName=NetR1_1 Pin=R3-2
Added Net: Name=NetR1_1
Added Pin To Net: NetName=NetR2_1 Pin=R2-1
Added Pin To Net: NetName=NetR2_1 Pin=U2-8
Added Net: Name=NetR2_1
Added Pin To Net: NetName=NetR3_1 Pin=R3-1
Added Pin To Net: NetName=NetR3_1 Pin=U2-1
Added Net: Name=NetR3_1
Added Pin To Net: NetName=NetR6_2 Pin=R6-2
Added Pin To Net: NetName=NetR6_2 Pin=U-4
Added Net: Name=NetR6_2
Added Pin To Net: NetName=NetR10_1 Pin=R10-1
Added Pin To Net: NetName=NetR10_1 Pin=R15-2
Added Net: Name=NetR10_1
Added Pin To Net: NetName=NetR11_1 Pin=R11-1
Added Pin To Net: NetName=NetR11_1 Pin=U-1
Added Net: Name=NetR11_1
Added Member To Class: ClassName=PS2 Member=Component C1 1uF
Added Member To Class: ClassName=PS2 Member=Component C2 100n
Added Member To Class: ClassName=PS2 Member=Component C4 100n
Added Member To Class: ClassName=PS2 Member=Component C82 10u/35V
Added Member To Class: ClassName=PS2 Member=Component C83 100u 6.3V
Added Member To Class: ClassName=PS2 Member=Component C84 47uF 25V
Added Member To Class: ClassName=PS2 Member=Component C85 10u/35V
Added Member To Class: ClassName=PS2 Member=Component C86 1n5 C0G
Added Member To Class: ClassName=PS2 Member=Component CN4 [0503]THT_Hdr_Ma_3x1_0.1_ST
Added Member To Class: ClassName=PS2 Member=Component D8 SS54
Added Member To Class: ClassName=PS2 Member=Component R1 510k
Added Member To Class: ClassName=PS2 Member=Component R2 0
Added Member To Class: ClassName=PS2 Member=Component R3 510k
Added Member To Class: ClassName=PS2 Member=Component R4 113k
Added Member To Class: ClassName=PS2 Member=Component R6 180
Added Member To Class: ClassName=PS2 Member=Component R7 220R
Added Member To Class: ClassName=PS2 Member=Component R9 220R
Added Member To Class: ClassName=PS2 Member=Component R10 200k
Added Member To Class: ClassName=PS2 Member=Component R12 200k
Added Member To Class: ClassName=PS2 Member=Component R13 124k
Added Member To Class: ClassName=PS2 Member=Component R14 200k
Added Member To Class: ClassName=PS2 Member=Component R15 200k
Added Member To Class: ClassName=PS2 Member=Component U15 AOZ1283
