Removed Pin From Net: NetName=DGND Pin=C82-1
Removed Pin From Net: NetName=12VDC Pin=C82-2
Removed Pin From Net: NetName=12VDC Pin=C83-1
Removed Pin From Net: NetName=DGND Pin=C83-2
Removed Pin From Net: NetName=DGND Pin=C84-2
Removed Pin From Net: NetName=DGND Pin=C85-1
Removed Pin From Net: NetName=DGND Pin=D8-1
Removed Pin From Net: NetName=DGND Pin=R9-2
Removed Pin From Net: NetName=DGND Pin=U15-3
Removed Pin From Net: NetName=12VDC Pin=U15-9
Removed Member From Class: ClassName=PS2 Member=C82
Removed Member From Class: ClassName=PS2 Member=C83
Removed Member From Class: ClassName=PS2 Member=C84
Removed Member From Class: ClassName=PS2 Member=C85
Removed Member From Class: ClassName=PS2 Member=C86
Removed Member From Class: ClassName=PS2 Member=D8
Removed Member From Class: ClassName=PS2 Member=R7
Removed Member From Class: ClassName=PS2 Member=R9
Removed Member From Class: ClassName=PS2 Member=U15
Added Component: Designator=CN5([0503]THT_Hdr_Ma_3x1_0.1_ST)
Added Pin To Net: NetName=DGND Pin=CN5-1
Added Pin To Net: NetName=AC Pin=CN_OUT-1
Added Pin To Net: NetName=NEUT Pin=CN_OUT-2
Added Pin To Net: NetName=NetCN5_2 Pin=CN5-2
Added Pin To Net: NetName=NetCN5_2 Pin=CN5-3
Added Pin To Net: NetName=NetCN5_2 Pin=R11-2
Added Pin To Net: NetName=NetCN5_2 Pin=R14-2
Added Net: Name=NetCN5_2
Added Member To Class: ClassName=PS2 Member=Component CN5 [0503]THT_Hdr_Ma_3x1_0.1_ST
