Removed Pin From Net: NetName=NEUT Pin=D1-2
Removed Pin From Net: NetName=NetR3_1 Pin=U2-1
Removed Pin From Net: NetName=NetC4_1 Pin=U2-4
Removed Pin From Net: NetName=NetR4_1 Pin=U2-5
Removed Pin From Net: NetName=12VDC Pin=U2-6
Removed Pin From Net: NetName=NetC2_2 Pin=U2-7
Removed Pin From Net: NetName=NetR2_1 Pin=U2-8
Added Pin To Net: NetName=NetD1_1 Pin=D1-1
Added Pin To Net: NetName=NEUT Pin=D1-2
Added Pin To Net: NetName=DGND Pin=D1-3
Added Pin To Net: NetName=AC_CUR Pin=U2-1
Added Pin To Net: NetName=NetR3_1 Pin=U2-1
Added Pin To Net: NetName=DGND Pin=U2-2
Added Pin To Net: NetName=DGND Pin=U2-3
Added Pin To Net: NetName=GND Pin=U2-4
Added Pin To Net: NetName=NetC4_1 Pin=U2-4
Added Pin To Net: NetName=NetR4_1 Pin=U2-5
Added Pin To Net: NetName=12VDC Pin=U2-6
Added Pin To Net: NetName=NetC2_2 Pin=U2-7
Added Pin To Net: NetName=+12 Pin=U2-8
Added Pin To Net: NetName=NetR2_1 Pin=U2-8
