Change Component DesignItemId : Designator=D1 Old DesignItemId=BAS19 New DesignItemId=MB10F-13
Change Component DesignItemId : Designator=C1 Old DesignItemId=CAP 0603 100nF New DesignItemId=CAP 0603 1uF
Change Component DesignItemId : Designator=C2 Old DesignItemId=CAP 0603 100nF New DesignItemId=CAP 0603 1uF
Change Component DesignItemId : Designator=C3 Old DesignItemId=CAP 0603 100nF New DesignItemId=CAP 0603 1uF
Change Component DesignItemId : Designator=U2 Old DesignItemId=NJM072 New DesignItemId=SR086SG-G
Change Component Footprint: Designator=C1 Old Footprint=CAP 0603 New Footprint=CAP 0603 1uF
Change Component Footprint: Designator=C2 Old Footprint=CAP 0603 New Footprint=CAP 0603 1uF
Change Component Footprint: Designator=C3 Old Footprint=CAP 0603 New Footprint=CAP 0603 1uF
Change Component Comment : Designator=C3 Old Comment=1n New Comment=1u
Change Component Comment : Designator=C4 Old Comment=1uF New Comment=100n
Change Component Comment : Designator=C1 Old Comment=100nF New Comment=1uF
Change Component Comment : Designator=C2 Old Comment=100nF New Comment=100n
Change Component Comment : Designator=R2 Old Comment=220R New Comment=0
Change Component Comment : Designator=R4 Old Comment=220R New Comment=113k
Change Component Comment : Designator=R6 Old Comment=220R New Comment=180
Change Component Comment : Designator=R1 Old Comment=220R New Comment=510k
Change Component Comment : Designator=R3 Old Comment=220R New Comment=510k
Change Component Comment : Designator=D1 Old Comment=BAS19 New Comment=MB10F-13
Change Component Comment : Designator=U2 Old Comment=NJM072 New Comment=SR086SG-G
Change Component Description : Designator=R1 Old Description=1/10W ±1% 220O ±100ppm/? 0603 New Description=1/10W ±1% 220O ±100ppm/? 0603
Change Component Description : Designator=R2 Old Description=1/10W ±1% 220O ±100ppm/? 0603 New Description=1/10W ±1% 220O ±100ppm/? 0603
Change Component Description : Designator=R3 Old Description=1/10W ±1% 220O ±100ppm/? 0603 New Description=1/10W ±1% 220O ±100ppm/? 0603
Change Component Description : Designator=R4 Old Description=1/10W ±1% 220O ±100ppm/? 0603 New Description=1/10W ±1% 220O ±100ppm/? 0603
Change Component Description : Designator=R5 Old Description=1/10W ±1% 220O ±100ppm/? 0603 New Description=1/10W ±1% 220O ±100ppm/? 0603
Change Component Description : Designator=R6 Old Description=1/10W ±1% 220O ±100ppm/? 0603 New Description=1/10W ±1% 220O ±100ppm/? 0603
Change Component Description : Designator=R7 Old Description=1/10W ±1% 220O ±100ppm/? 0603 New Description=1/10W ±1% 220O ±100ppm/? 0603
Change Component Description : Designator=R8 Old Description=1/10W ±1% 220O ±100ppm/? 0603 New Description=1/10W ±1% 220O ±100ppm/? 0603
Change Component Description : Designator=R9 Old Description=1/10W ±1% 220O ±100ppm/? 0603 New Description=1/10W ±1% 220O ±100ppm/? 0603
Change Component Description : Designator=D1 Old Description=Diode Standard 250V 200mA Surface Mount SOT-23-3 _TO-236_ New Description=Bridge Rectifier Single Phase Standard 1 kV Surface Mount MBF
Change Component Description : Designator=U2 Old Description=Dual OPAMP SOIC Package New Description=T SR086SG-G _ /RADJUSTABLE OFF-LINE INDUCTORLESS SWITCHING REGULATOR | Microchip Technology Inc.
Change Component Library : Designator=U2 Old Library=[0101]NJM072CG_TE2_SOIC127P_600X175-8N.IntLib New Library=[0102]SWITCHINGREGULATOR_sr086.SchLib
Change Component Library : Designator=D1 Old Library=[0304]BAS19_SOT23.IntLib New Library=[0306}BridgeRectifiers_MB10F-13.IntLib
Added Component: Designator=C1(CAP 0603)
Added Component: Designator=C2(CAP 0603)
Added Component: Designator=C3(CAP 0603)
Added Component: Designator=C4(CAP 0603 1uF)
Added Component: Designator=D1(SOT-23)
Added Component: Designator=Q1([0301]BC846B_SOT23)
Added Component: Designator=Q?([0301]BC846B_SOT23)
Added Component: Designator=Q?([0301]BC846B_SOT23)
Added Component: Designator=R2(RES 0603 220R)
Added Component: Designator=R3(RES 0603 220R)
Added Component: Designator=R4(RES 0603 220R)
Added Component: Designator=R6(RES 0603 220R)
Added Component: Designator=R10(RES 0603 220R)
Added Component: Designator=R11(RES 0603 220R)
Added Component: Designator=R12(RES 0603 220R)
Added Component: Designator=R13(RES 0603 220R)
Added Component: Designator=R14(RES 0603 220R)
Added Component: Designator=R15(RES 0603 220R)
Added Component: Designator=T(SOT78A)
Added Component: Designator=U2(SO-8)
Added Pin To Net: NetName=NetC1_1 Pin=C1-1
Added Pin To Net: NetName=12VDC Pin=C1-2
Added Pin To Net: NetName=12VDC Pin=C2-1
Added Pin To Net: NetName=NetC2_2 Pin=C2-2
Added Pin To Net: NetName=12VDC Pin=C3-1
Added Pin To Net: NetName=DGND Pin=C3-2
Added Pin To Net: NetName=NetC4_1 Pin=C4-1
Added Pin To Net: NetName=DGND Pin=C4-2
Added Pin To Net: NetName=AC Pin=CN_OUT-1
Added Pin To Net: NetName=NEUT Pin=CN_OUT-2
Added Pin To Net: NetName=NetD1_1 Pin=D1-1
Added Pin To Net: NetName=NEUT Pin=D1-2
Added Pin To Net: NetName=DGND Pin=D1-3
Added Pin To Net: NetName=NetQ1_1 Pin=Q1-1
Added Pin To Net: NetName=DGND Pin=Q1-2
Added Pin To Net: NetName=DGND Pin=Q1-3
Added Pin To Net: NetName=12VDC Pin=Q?-1
Added Pin To Net: NetName=12VDC Pin=Q?-1
Added Pin To Net: NetName=NetR1_1 Pin=R1-1
Added Pin To Net: NetName=NetD1_1 Pin=R1-2
Added Pin To Net: NetName=NetR2_1 Pin=R2-1
Added Pin To Net: NetName=NetC1_1 Pin=R2-2
Added Pin To Net: NetName=NetR3_1 Pin=R3-1
Added Pin To Net: NetName=NetR1_1 Pin=R3-2
Added Pin To Net: NetName=NetR4_1 Pin=R4-1
Added Pin To Net: NetName=12VDC Pin=R4-2
Added Pin To Net: NetName=NetF_2 Pin=R6-1
Added Pin To Net: NetName=NetR6_2 Pin=R6-2
Added Pin To Net: NetName=NetR10_1 Pin=R10-1
Added Pin To Net: NetName=NetD1_1 Pin=R10-2
Added Pin To Net: NetName=NetR11_1 Pin=R11-1
Added Pin To Net: NetName=DGND Pin=R12-1
Added Pin To Net: NetName=+V_BAT Pin=R12-2
Added Pin To Net: NetName=DGND Pin=R13-1
Added Pin To Net: NetName=NetR4_1 Pin=R13-2
Added Pin To Net: NetName=NetQ1_1 Pin=R14-1
Added Pin To Net: NetName=DGND Pin=R15-1
Added Pin To Net: NetName=NetR10_1 Pin=R15-2
Added Pin To Net: NetName=NetT_G Pin=T-G
Added Pin To Net: NetName=NetD1_4 Pin=T-T1
Added Pin To Net: NetName=NetF_2 Pin=T-T2
Added Pin To Net: NetName=NetR3_1 Pin=U2-1
Added Pin To Net: NetName=DGND Pin=U2-2
Added Pin To Net: NetName=DGND Pin=U2-3
Added Pin To Net: NetName=NetC4_1 Pin=U2-4
Added Pin To Net: NetName=NetR4_1 Pin=U2-5
Added Pin To Net: NetName=12VDC Pin=U2-6
Added Pin To Net: NetName=NetC2_2 Pin=U2-7
Added Pin To Net: NetName=NetR2_1 Pin=U2-8
Added Pin To Net: NetName=+3V3 Pin=C1-1
Added Pin To Net: NetName=+3V3 Pin=C6-2
Added Pin To Net: NetName=+3V3 Pin=CN?-2
Added Pin To Net: NetName=+3V3 Pin=R5-2
Added Pin To Net: NetName=+3V3 Pin=U5-2
Added Pin To Net: NetName=+3V3 Pin=U44-20
Added Net: Name=+3V3
Added Pin To Net: NetName=+12 Pin=CN?-6
Added Pin To Net: NetName=+12 Pin=U2-8
Added Net: Name=+12
Added Pin To Net: NetName=AC_CTL Pin=R2-2
Added Pin To Net: NetName=AC_CTL Pin=U44-2
Added Net: Name=AC_CTL
Added Pin To Net: NetName=AC_CUR Pin=R6-2
Added Pin To Net: NetName=AC_CUR Pin=U2-1
Added Pin To Net: NetName=AC_CUR Pin=U44-3
Added Net: Name=AC_CUR
Added Pin To Net: NetName=BAT+ Pin=CN3-1
Added Pin To Net: NetName=BAT+ Pin=Q?-3
Added Pin To Net: NetName=BAT+ Pin=Q?-3
Added Net: Name=BAT+
Added Pin To Net: NetName=DATA_DHT11 Pin=CN_DHT-2
Added Pin To Net: NetName=DATA_DHT11 Pin=U44-21
Added Net: Name=DATA_DHT11
Added Pin To Net: NetName=EARTH Pin=CN_IN-3
Added Pin To Net: NetName=EARTH Pin=CN_OUT-3
Added Net: Name=EARTH
Added Pin To Net: NetName=GND Pin=C1-2
Added Pin To Net: NetName=GND Pin=C2-2
Added Pin To Net: NetName=GND Pin=C3-2
Added Pin To Net: NetName=GND Pin=C4-1
Added Pin To Net: NetName=GND Pin=C5-1
Added Pin To Net: NetName=GND Pin=C6-1
Added Pin To Net: NetName=GND Pin=C7-1
Added Pin To Net: NetName=GND Pin=CN3-2
Added Pin To Net: NetName=GND Pin=CN?-3
Added Pin To Net: NetName=GND Pin=CN_DHT-4
Added Pin To Net: NetName=GND Pin=Q2-2
Added Pin To Net: NetName=GND Pin=R4-2
Added Pin To Net: NetName=GND Pin=R9-2
Added Pin To Net: NetName=GND Pin=U1-5
Added Pin To Net: NetName=GND Pin=U2-4
Added Pin To Net: NetName=GND Pin=U3-1
Added Pin To Net: NetName=GND Pin=U5-1
Added Pin To Net: NetName=GND Pin=U44-8
Added Pin To Net: NetName=GND Pin=U44-19
Added Net: Name=GND
Added Pin To Net: NetName=ICS_C Pin=CN?-5
Added Pin To Net: NetName=ICS_C Pin=U44-27
Added Net: Name=ICS_C
Added Pin To Net: NetName=ICS_D Pin=CN?-4
Added Pin To Net: NetName=ICS_D Pin=U44-28
Added Net: Name=ICS_D
Added Pin To Net: NetName=LINE_RLY Pin=K1-NO
Added Pin To Net: NetName=LINE_RLY Pin=U1-1
Added Pin To Net: NetName=LINE_RLY Pin=U1-2
Added Net: Name=LINE_RLY
Added Pin To Net: NetName=LINE_SNS Pin=CN_OUT-1
Added Pin To Net: NetName=LINE_SNS Pin=U1-3
Added Pin To Net: NetName=LINE_SNS Pin=U1-4
Added Net: Name=LINE_SNS
Added Pin To Net: NetName=LINE Pin=CN_IN-1
Added Pin To Net: NetName=LINE Pin=K1-COM
Added Net: Name=LINE
Added Pin To Net: NetName=LS+ Pin=C5-2
Added Pin To Net: NetName=LS+ Pin=Q?-2
Added Pin To Net: NetName=LS+ Pin=Q?-2
Added Pin To Net: NetName=LS+ Pin=U3-3
Added Net: Name=LS+
Added Pin To Net: NetName=MCLR Pin=CN?-1
Added Pin To Net: NetName=MCLR Pin=R5-1
Added Pin To Net: NetName=MCLR Pin=U44-1
Added Net: Name=MCLR
Added Pin To Net: NetName=NetC3_1 Pin=C3-1
Added Pin To Net: NetName=NetC3_1 Pin=U1-6
Added Net: Name=NetC3_1
Added Pin To Net: NetName=NetJ1_3 Pin=J1-3
Added Pin To Net: NetName=NetJ1_3 Pin=R3-1
Added Net: Name=NetJ1_3
Added Pin To Net: NetName=NetQ2_1 Pin=Q2-1
Added Pin To Net: NetName=NetQ2_1 Pin=R3-2
Added Net: Name=NetQ2_1
Added Pin To Net: NetName=NetR6_1 Pin=R6-1
Added Pin To Net: NetName=NetR6_1 Pin=R8-2
Added Pin To Net: NetName=NetR6_1 Pin=U2-2
Added Net: Name=NetR6_1
Added Pin To Net: NetName=NetR7_1 Pin=R7-1
Added Pin To Net: NetName=NetR7_1 Pin=R9-1
Added Pin To Net: NetName=NetR7_1 Pin=U2-3
Added Net: Name=NetR7_1
Added Pin To Net: NetName=NetR8_1 Pin=R8-1
Added Pin To Net: NetName=NetR8_1 Pin=U1-7
Added Net: Name=NetR8_1
Added Pin To Net: NetName=NEUTRAL Pin=CN_IN-2
Added Pin To Net: NetName=NEUTRAL Pin=CN_OUT-2
Added Net: Name=NEUTRAL
Added Pin To Net: NetName=PD_A Pin=J1-1
Added Pin To Net: NetName=PD_A Pin=Q1-2
Added Net: Name=PD_A
Added Pin To Net: NetName=PD_C Pin=J1-2
Added Pin To Net: NetName=PD_C Pin=R4-1
Added Net: Name=PD_C
Added Pin To Net: NetName=PSU_EN Pin=R14-2
Added Pin To Net: NetName=PSU_EN Pin=U44-4
Added Net: Name=PSU_EN
Added Pin To Net: NetName=RLY+ Pin=C2-1
Added Pin To Net: NetName=RLY+ Pin=C4-2
Added Pin To Net: NetName=RLY+ Pin=C7-2
Added Pin To Net: NetName=RLY+ Pin=CN_DHT-1
Added Pin To Net: NetName=RLY+ Pin=D1-3
Added Pin To Net: NetName=RLY+ Pin=J1-4
Added Pin To Net: NetName=RLY+ Pin=K1-A2
Added Pin To Net: NetName=RLY+ Pin=Q1-3
Added Pin To Net: NetName=RLY+ Pin=R7-2
Added Pin To Net: NetName=RLY+ Pin=U1-8
Added Pin To Net: NetName=RLY+ Pin=U3-2
Added Pin To Net: NetName=RLY+ Pin=U3-2
Added Pin To Net: NetName=RLY+ Pin=U5-3
Added Net: Name=RLY+
Added Pin To Net: NetName=RLY- Pin=D1-1
Added Pin To Net: NetName=RLY- Pin=K1-A1
Added Pin To Net: NetName=RLY- Pin=Q2-3
Added Net: Name=RLY-
Added Pin To Net: NetName=RX Pin=CN?-9
Added Pin To Net: NetName=RX Pin=U44-12
Added Net: Name=RX
Added Pin To Net: NetName=SCR_EN Pin=R11-2
Added Pin To Net: NetName=SCR_EN Pin=U44-5
Added Net: Name=SCR_EN
Added Pin To Net: NetName=TX Pin=CN?-10
Added Pin To Net: NetName=TX Pin=U44-13
Added Net: Name=TX
Added Class: Name=SmartPlugV2
