Change Component Designator: OldDesignator=C? NewDesignator=C18
Change Component Designator: OldDesignator=C? NewDesignator=C19
Change Component Designator: OldDesignator=C? NewDesignator=C20
Change Component Designator: OldDesignator=C? NewDesignator=C21
Change Component Designator: OldDesignator=C? NewDesignator=C22
Change Component Designator: OldDesignator=C? NewDesignator=C23
Change Component Designator: OldDesignator=C? NewDesignator=C24
Change Component Designator: OldDesignator=C? NewDesignator=C25
Change Component Designator: OldDesignator=C? NewDesignator=C26
Change Component Designator: OldDesignator=CN? NewDesignator=CN6
Change Component Designator: OldDesignator=CN? NewDesignator=CN7
Change Component Designator: OldDesignator=CN? NewDesignator=CN8
Change Component Designator: OldDesignator=CN? NewDesignator=CN9
Change Component Designator: OldDesignator=CN? NewDesignator=CN10
Change Component Designator: OldDesignator=Q? NewDesignator=Q6
Change Component Designator: OldDesignator=Q? NewDesignator=Q7
Change Component Designator: OldDesignator=R? NewDesignator=R13
Change Component Designator: OldDesignator=R? NewDesignator=R14
Change Component Designator: OldDesignator=R? NewDesignator=R15
Change Component Designator: OldDesignator=R? NewDesignator=R16
Change Component Designator: OldDesignator=R? NewDesignator=R17
Change Component Designator: OldDesignator=R? NewDesignator=R18
Change Component Designator: OldDesignator=R? NewDesignator=R19
Change Component Designator: OldDesignator=R? NewDesignator=R20
Change Component Designator: OldDesignator=R? NewDesignator=R23
Change Component Designator: OldDesignator=R? NewDesignator=R24
Change Component Designator: OldDesignator=R? NewDesignator=R27
Change Component Designator: OldDesignator=R? NewDesignator=R34
Change Component Designator: OldDesignator=R? NewDesignator=R35
Added Component: Designator=U6(QFN50P400X400X80-21N)
Added Pin To Net: NetName=CC1 Pin=U6-1
Added Pin To Net: NetName=3.3V Pin=U6-2
Added Pin To Net: NetName=CC2 Pin=U6-3
Added Pin To Net: NetName=INA Pin=U6-4
Added Pin To Net: NetName=NetC?_1 Pin=U6-5
Added Pin To Net: NetName=NetQ?_1 Pin=U6-10
Added Pin To Net: NetName=VSNS Pin=U6-11
Added Pin To Net: NetName=DGND Pin=U6-12
Added Pin To Net: NetName=ADD Pin=U6-16
Added Pin To Net: NetName=SDA Pin=U6-17
Added Pin To Net: NetName=SCL Pin=U6-18
Added Pin To Net: NetName=FLG Pin=U6-19
Added Pin To Net: NetName=EN Pin=U6-20
Added Pin To Net: NetName=DGND Pin=U6-21
Change Net Name : Old Net Name=NetC?_1 New Net Name=NetC24_1
Change Net Name : Old Net Name=NetC?_2 New Net Name=NetC18_2
Change Net Name : Old Net Name=NetQ?_1 New Net Name=NetQ6_1
Added Pin To Net: NetName=NetC18_1 Pin=C18-1
Added Pin To Net: NetName=NetC18_1 Pin=Q6-4
Added Pin To Net: NetName=NetC18_1 Pin=Q6-6
Added Pin To Net: NetName=NetC18_1 Pin=U6-7
Added Net: Name=NetC18_1
Added Pin To Net: NetName=NetC20_2 Pin=C20-2
Added Pin To Net: NetName=NetC20_2 Pin=CN7-A4/B9
Added Pin To Net: NetName=NetC20_2 Pin=CN7-B4/A9
Added Pin To Net: NetName=NetC20_2 Pin=R14-2
Added Pin To Net: NetName=NetC20_2 Pin=R15-2
Added Pin To Net: NetName=NetC20_2 Pin=R24-2
Added Pin To Net: NetName=NetC20_2 Pin=U6-9
Added Net: Name=NetC20_2
Added Pin To Net: NetName=NetC22_2 Pin=C22-2
Added Pin To Net: NetName=NetC22_2 Pin=CN7-B5
Added Pin To Net: NetName=NetC22_2 Pin=U6-13
Added Net: Name=NetC22_2
Added Pin To Net: NetName=NetC23_2 Pin=C23-2
Added Pin To Net: NetName=NetC23_2 Pin=CN7-A5
Added Pin To Net: NetName=NetC23_2 Pin=U6-15
Added Net: Name=NetC23_2
Added Pin To Net: NetName=NetC24_2 Pin=C24-2
Added Pin To Net: NetName=NetC24_2 Pin=CN8-1
Added Pin To Net: NetName=NetC24_2 Pin=D3-1
Added Pin To Net: NetName=NetC24_2 Pin=Q7-3
Added Pin To Net: NetName=NetC24_2 Pin=R19-2
Added Net: Name=NetC24_2
Added Pin To Net: NetName=NetC26_2 Pin=C26-2
Added Pin To Net: NetName=NetC26_2 Pin=U6-14
Added Net: Name=NetC26_2
Added Pin To Net: NetName=NetQ6_2 Pin=Q6-2
Added Pin To Net: NetName=NetQ6_2 Pin=Q6-5
Added Pin To Net: NetName=NetQ6_2 Pin=U6-8
Added Net: Name=NetQ6_2
Added Pin To Net: NetName=NetQ7_2 Pin=Q7-2
Added Pin To Net: NetName=NetQ7_2 Pin=Q7-5
Added Pin To Net: NetName=NetQ7_2 Pin=U6-6
Added Net: Name=NetQ7_2
Added Member To Class: ClassName=P_A19_SmartPlugV3 Member=Component C18 1U
Added Member To Class: ClassName=P_A19_SmartPlugV3 Member=Component C19 1U
Added Member To Class: ClassName=P_A19_SmartPlugV3 Member=Component C20 10U
Added Member To Class: ClassName=P_A19_SmartPlugV3 Member=Component C22 470P
Added Member To Class: ClassName=P_A19_SmartPlugV3 Member=Component C23 470P
Added Member To Class: ClassName=P_A19_SmartPlugV3 Member=Component C24 1U
Added Member To Class: ClassName=P_A19_SmartPlugV3 Member=Component C25 1U
Added Member To Class: ClassName=P_A19_SmartPlugV3 Member=Component C26 100N
Added Member To Class: ClassName=P_A19_SmartPlugV3 Member=Component CN6 2
Added Member To Class: ClassName=P_A19_SmartPlugV3 Member=Component CN7 USB
Added Member To Class: ClassName=P_A19_SmartPlugV3 Member=Component CN8 2
Added Member To Class: ClassName=P_A19_SmartPlugV3 Member=Component CN9 10
Added Member To Class: ClassName=P_A19_SmartPlugV3 Member=Component Q7 
Added Member To Class: ClassName=P_A19_SmartPlugV3 Member=Component R13 220K
Added Member To Class: ClassName=P_A19_SmartPlugV3 Member=Component R14 12K
Added Member To Class: ClassName=P_A19_SmartPlugV3 Member=Component R16 39K
Added Member To Class: ClassName=P_A19_SmartPlugV3 Member=Component R17 39K
Added Member To Class: ClassName=P_A19_SmartPlugV3 Member=Component R18 12K
Added Member To Class: ClassName=P_A19_SmartPlugV3 Member=Component R19 220K
Added Member To Class: ClassName=P_A19_SmartPlugV3 Member=Component R20 47K
Added Member To Class: ClassName=P_A19_SmartPlugV3 Member=Component R23 39K
Added Member To Class: ClassName=P_A19_SmartPlugV3 Member=Component R24 10K
Added Member To Class: ClassName=P_A19_SmartPlugV3 Member=Component R27 1K0
Added Member To Class: ClassName=P_A19_SmartPlugV3 Member=Component R34 1K0
Added Member To Class: ClassName=P_A19_SmartPlugV3 Member=Component R35 560R
Added Member To Class: ClassName=P_A19_SmartPlugV3 Member=Component U6 
