Removed Pin From Net: NetName=RLY+ Pin=C2-1
Removed Pin From Net: NetName=GND Pin=C2-2
Removed Pin From Net: NetName=NetC3_1 Pin=C3-1
Removed Pin From Net: NetName=GND Pin=C3-2
Removed Pin From Net: NetName=PD_A Pin=Q1-2
Removed Pin From Net: NetName=NEUT Pin=Q2-1
Removed Pin From Net: NetName=RLY- Pin=Q2-3
Removed Pin From Net: NetName=NetR2_2 Pin=R2-2
Removed Pin From Net: NetName=NetJ1_3 Pin=R3-1
Removed Pin From Net: NetName=NetQ2_1 Pin=R3-2
Removed Pin From Net: NetName=PD_C Pin=R4-1
Removed Pin From Net: NetName=NetR5_1 Pin=R5-1
Removed Pin From Net: NetName=NetR5_2 Pin=R5-2
Removed Pin From Net: NetName=NetR6_1 Pin=R6-1
Removed Pin From Net: NetName=NetR6_2 Pin=R6-2
Removed Pin From Net: NetName=NetR8_1 Pin=R8-1
Removed Pin From Net: NetName=NetR8_2 Pin=R8-2
Removed Pin From Net: NetName=LINE_RLY Pin=U1-1
Removed Pin From Net: NetName=LINE_RLY Pin=U1-2
Removed Pin From Net: NetName=LINE_SNS Pin=U1-3
Removed Pin From Net: NetName=LINE_SNS Pin=U1-4
Removed Pin From Net: NetName=NetC3_1 Pin=U1-6
Removed Pin From Net: NetName=NetR8_1 Pin=U1-7
Removed Pin From Net: NetName=NetR6_2 Pin=U2-1
Removed Pin From Net: NetName=NetR6_1 Pin=U2-2
Removed Pin From Net: NetName=+12 Pin=U2-8
Removed Pin From Net: NetName=NetR5_1 Pin=U3-1
Removed Pin From Net: NetName=NetQ2_3 Pin=U3-3
Change Component DesignItemId : Designator=C2 Old DesignItemId=CAP 0603 100nF New DesignItemId=118
Change Component DesignItemId : Designator=C3 Old DesignItemId=CAP 0603 100nF New DesignItemId=122
Change Component DesignItemId : Designator=U2 Old DesignItemId=NJM072 New DesignItemId=221
Change Component DesignItemId : Designator=R6 Old DesignItemId=RES0603_220R New DesignItemId=1
Change Component DesignItemId : Designator=R7 Old DesignItemId=RES0603_220R New DesignItemId=1
Change Component DesignItemId : Designator=R8 Old DesignItemId=RES0603_220R New DesignItemId=1
Change Component DesignItemId : Designator=R9 Old DesignItemId=RES0603_220R New DesignItemId=1
Change Component Footprint: Designator=C2 Old Footprint=CAP 0603 New Footprint=CAPC2012X60N
Change Component Footprint: Designator=C3 Old Footprint=CAP 0603 New Footprint=CAPC2012X60N
Change Component Footprint: Designator=R6 Old Footprint=RES 0603 220R New Footprint=RESC2012X60N
Change Component Footprint: Designator=R7 Old Footprint=RES 0603 220R New Footprint=RESC2012X60N
Change Component Footprint: Designator=R8 Old Footprint=RES 0603 220R New Footprint=RESC2012X60N
Change Component Footprint: Designator=R9 Old Footprint=RES 0603 220R New Footprint=RESC2012X60N
Change Component Footprint: Designator=U2 Old Footprint=SO-8 New Footprint=SOIC127P600X175-8N
Change Component Comment : Designator=C2 Old Comment=100nF New Comment=100N
Change Component Comment : Designator=R6 Old Comment=220R New Comment=100K
Change Component Comment : Designator=R7 Old Comment=220R New Comment=100K
Change Component Comment : Designator=R8 Old Comment=220R New Comment=100K
Change Component Comment : Designator=R9 Old Comment=220R New Comment=100K
Change Component Comment : Designator=U2 Old Comment=NJM072 New Comment=NJM072CG-TE2
Added Pin To Net: NetName=+3V3 Pin=C1-1
Added Pin To Net: NetName=GND Pin=C1-2
Added Pin To Net: NetName=GND Pin=C2-1
Added Pin To Net: NetName=RLY+ Pin=C2-1
Added Pin To Net: NetName=GND Pin=C2-2
Added Pin To Net: NetName=RLY+ Pin=C2-2
Added Pin To Net: NetName=GND Pin=C3-1
Added Pin To Net: NetName=NetC3_1 Pin=C3-1
Added Pin To Net: NetName=GND Pin=C3-2
Added Pin To Net: NetName=GND Pin=C4-1
Added Pin To Net: NetName=RLY+ Pin=C4-2
Added Pin To Net: NetName=GND Pin=C5-1
Added Pin To Net: NetName=+12 Pin=C5-2
Added Pin To Net: NetName=GND Pin=C6-1
Added Pin To Net: NetName=+3V3 Pin=C6-2
Added Pin To Net: NetName=GND Pin=C7-1
Added Pin To Net: NetName=RLY+ Pin=C7-2
Added Pin To Net: NetName=PD_A Pin=Q1-2
Added Pin To Net: NetName=RLY+ Pin=Q1-3
Added Pin To Net: NetName=NetQ2_1 Pin=Q2-1
Added Pin To Net: NetName=NEUT Pin=Q2-1
Added Pin To Net: NetName=GND Pin=Q2-2
Added Pin To Net: NetName=NetQ2_3 Pin=Q2-3
Added Pin To Net: NetName=RLY- Pin=Q2-3
Added Pin To Net: NetName=AC_CTL Pin=R2-2
Added Pin To Net: NetName=NetR2_2 Pin=R2-2
Added Pin To Net: NetName=NetJ1_3 Pin=R3-1
Added Pin To Net: NetName=PSU_EN Pin=R3-1
Added Pin To Net: NetName=NetQ2_1 Pin=R3-2
Added Pin To Net: NetName=PD_C Pin=R4-1
Added Pin To Net: NetName=GND Pin=R4-2
Added Pin To Net: NetName=MCLR Pin=R5-1
Added Pin To Net: NetName=NetR5_1 Pin=R5-1
Added Pin To Net: NetName=+3V3 Pin=R5-2
Added Pin To Net: NetName=+3V3 Pin=R5-2
Added Pin To Net: NetName=NetR5_2 Pin=R5-2
Added Pin To Net: NetName=AC_CUR Pin=R6-1
Added Pin To Net: NetName=NetR6_1 Pin=R6-1
Added Pin To Net: NetName=NetR6_2 Pin=R6-2
Added Pin To Net: NetName=+V_BOOST Pin=R7-2
Added Pin To Net: NetName=RLY+ Pin=R7-2
Added Pin To Net: NetName=NetR8_1 Pin=R8-1
Added Pin To Net: NetName=NetR6_1 Pin=R8-2
Added Pin To Net: NetName=NetR8_2 Pin=R8-2
Added Pin To Net: NetName=DGND Pin=R9-2
Added Pin To Net: NetName=GND Pin=R9-2
Added Pin To Net: NetName=+3.3V Pin=U1-1
Added Pin To Net: NetName=LINE_RLY Pin=U1-1
Added Pin To Net: NetName=LINE_RLY Pin=U1-2
Added Pin To Net: NetName=LINE_SNS Pin=U1-3
Added Pin To Net: NetName=LINE_SNS Pin=U1-4
Added Pin To Net: NetName=GND Pin=U1-5
Added Pin To Net: NetName=NetC3_1 Pin=U1-6
Added Pin To Net: NetName=NetR8_1 Pin=U1-7
Added Pin To Net: NetName=NetR5_2 Pin=U1-8
Added Pin To Net: NetName=RLY+ Pin=U1-8
Added Pin To Net: NetName=AC_CUR Pin=U2-1
Added Pin To Net: NetName=NetR6_2 Pin=U2-1
Added Pin To Net: NetName=NetR6_1 Pin=U2-2
Added Pin To Net: NetName=GND Pin=U2-4
Added Pin To Net: NetName=+12 Pin=U2-8
Added Pin To Net: NetName=VREG Pin=U2-8
Added Pin To Net: NetName=GND Pin=U3-1
Added Pin To Net: NetName=GND Pin=U3-1
Added Pin To Net: NetName=NetR5_1 Pin=U3-1
Added Pin To Net: NetName=RLY+ Pin=U3-2
Added Pin To Net: NetName=RLY+ Pin=U3-2
Added Pin To Net: NetName=+12 Pin=U3-3
Added Pin To Net: NetName=LS+ Pin=U3-3
Added Pin To Net: NetName=NetQ2_3 Pin=U3-3
Added Pin To Net: NetName=GND Pin=U5-1
Added Pin To Net: NetName=+3V3 Pin=U5-2
Added Pin To Net: NetName=RLY+ Pin=U5-3
Added Pin To Net: NetName=NetC3_2 Pin=C3-2
Added Pin To Net: NetName=NetC3_2 Pin=U1-6
Added Net: Name=NetC3_2
