Removed Pin From Net: NetName=MCLR Pin=CN?-1
Removed Pin From Net: NetName=ICS_D Pin=CN?-4
Removed Pin From Net: NetName=ICS_C Pin=CN?-5
Removed Pin From Net: NetName=RX Pin=CN?-9
Removed Pin From Net: NetName=TX Pin=CN?-10
Removed Pin From Net: NetName=NetD1_1 Pin=D1-1
Removed Pin From Net: NetName=NEUT Pin=D1-2
Removed Pin From Net: NetName=DGND Pin=D1-3
Removed Pin From Net: NetName=PD_A Pin=Q1-2
Removed Pin From Net: NetName=RLY- Pin=Q2-3
Removed Pin From Net: NetName=12VDC Pin=Q?-1
Removed Pin From Net: NetName=12VDC Pin=Q?-1
Removed Pin From Net: NetName=NetD1_1 Pin=R1-2
Removed Pin From Net: NetName=NetJ1_3 Pin=R3-1
Removed Pin From Net: NetName=PD_C Pin=R4-1
Removed Pin From Net: NetName=MCLR Pin=R5-1
Removed Pin From Net: NetName=NetR6_1 Pin=R6-1
Removed Pin From Net: NetName=NetR6_2 Pin=R6-2
Removed Pin From Net: NetName=NetR7_1 Pin=R7-1
Removed Pin From Net: NetName=NetR6_1 Pin=R8-2
Removed Pin From Net: NetName=NetR7_1 Pin=R9-1
Removed Pin From Net: NetName=NetD1_1 Pin=R10-2
Removed Pin From Net: NetName=SCR_EN Pin=R11-2
Removed Pin From Net: NetName=PSU_EN Pin=R14-2
Removed Pin From Net: NetName=NetT_G Pin=T-G
Removed Pin From Net: NetName=NetF_2 Pin=T-T2
Removed Pin From Net: NetName=LINE_RLY Pin=U1-1
Removed Pin From Net: NetName=LINE_RLY Pin=U1-2
Removed Pin From Net: NetName=LINE_SNS Pin=U1-3
Removed Pin From Net: NetName=LINE_SNS Pin=U1-4
Removed Pin From Net: NetName=DGND Pin=U2-2
Removed Pin From Net: NetName=DGND Pin=U2-3
Removed Pin From Net: NetName=12VDC Pin=U2-6
Removed Member From Class: ClassName=SmartPlugV2 Member=R1
Removed Member From Class: ClassName=SmartPlugV2 Member=R10
Removed Member From Class: ClassName=SmartPlugV2 Member=R11
Removed Member From Class: ClassName=SmartPlugV2 Member=R12
Removed Member From Class: ClassName=SmartPlugV2 Member=R13
Removed Member From Class: ClassName=SmartPlugV2 Member=R14
Removed Member From Class: ClassName=SmartPlugV2 Member=R15
Change Component Designator: OldDesignator=C1 NewDesignator=C?
Change Component Designator: OldDesignator=C2 NewDesignator=C?
Change Component Designator: OldDesignator=C3 NewDesignator=C?
Change Component Designator: OldDesignator=C4 NewDesignator=C?
Change Component Designator: OldDesignator=Q1 NewDesignator=Q?
Change Component Designator: OldDesignator=R1 NewDesignator=R?
Change Component Designator: OldDesignator=R2 NewDesignator=R?
Change Component Designator: OldDesignator=R3 NewDesignator=R?
Change Component Designator: OldDesignator=R4 NewDesignator=R?
Change Component Designator: OldDesignator=R6 NewDesignator=R?
Change Component Designator: OldDesignator=R10 NewDesignator=R?
Change Component Designator: OldDesignator=R11 NewDesignator=R?
Change Component Designator: OldDesignator=R12 NewDesignator=R?
Change Component Designator: OldDesignator=R13 NewDesignator=R?
Change Component Designator: OldDesignator=R14 NewDesignator=R?
Change Component Designator: OldDesignator=R15 NewDesignator=R?
Change Component Description : Designator=R? Old Description=1/10W ±1% 220O ±100ppm/? 0603 New Description=1/10W ±1% 220O ±100ppm/? 0603
Change Component Description : Designator=R? Old Description=1/10W ±1% 220O ±100ppm/? 0603 New Description=1/10W ±1% 220O ±100ppm/? 0603
Change Component Description : Designator=R2 Old Description=1/10W ±1% 220O ±100ppm/? 0603 New Description=1/10W ±1% 220O ±100ppm/? 0603
Change Component Description : Designator=R? Old Description=1/10W ±1% 220O ±100ppm/? 0603 New Description=1/10W ±1% 220O ±100ppm/? 0603
Change Component Description : Designator=R3 Old Description=1/10W ±1% 220O ±100ppm/? 0603 New Description=1/10W ±1% 220O ±100ppm/? 0603
Change Component Description : Designator=R? Old Description=1/10W ±1% 220O ±100ppm/? 0603 New Description=1/10W ±1% 220O ±100ppm/? 0603
Change Component Description : Designator=R4 Old Description=1/10W ±1% 220O ±100ppm/? 0603 New Description=1/10W ±1% 220O ±100ppm/? 0603
Change Component Description : Designator=R5 Old Description=1/10W ±1% 220O ±100ppm/? 0603 New Description=1/10W ±1% 220O ±100ppm/? 0603
Change Component Description : Designator=R? Old Description=1/10W ±1% 220O ±100ppm/? 0603 New Description=1/10W ±1% 220O ±100ppm/? 0603
Change Component Description : Designator=R6 Old Description=1/10W ±1% 220O ±100ppm/? 0603 New Description=1/10W ±1% 220O ±100ppm/? 0603
Change Component Description : Designator=R7 Old Description=1/10W ±1% 220O ±100ppm/? 0603 New Description=1/10W ±1% 220O ±100ppm/? 0603
Change Component Description : Designator=R8 Old Description=1/10W ±1% 220O ±100ppm/? 0603 New Description=1/10W ±1% 220O ±100ppm/? 0603
Change Component Description : Designator=R9 Old Description=1/10W ±1% 220O ±100ppm/? 0603 New Description=1/10W ±1% 220O ±100ppm/? 0603
Change Component Description : Designator=R? Old Description=1/10W ±1% 220O ±100ppm/? 0603 New Description=1/10W ±1% 220O ±100ppm/? 0603
Change Component Description : Designator=R? Old Description=1/10W ±1% 220O ±100ppm/? 0603 New Description=1/10W ±1% 220O ±100ppm/? 0603
Change Component Description : Designator=R? Old Description=1/10W ±1% 220O ±100ppm/? 0603 New Description=1/10W ±1% 220O ±100ppm/? 0603
Change Component Description : Designator=R? Old Description=1/10W ±1% 220O ±100ppm/? 0603 New Description=1/10W ±1% 220O ±100ppm/? 0603
Change Component Description : Designator=R? Old Description=1/10W ±1% 220O ±100ppm/? 0603 New Description=1/10W ±1% 220O ±100ppm/? 0603
Change Component Description : Designator=R? Old Description=1/10W ±1% 220O ±100ppm/? 0603 New Description=1/10W ±1% 220O ±100ppm/? 0603
Added Component: Designator=C?(CAPC2012X60N)
Added Component: Designator=C?(CAPC2012X60N)
Added Component: Designator=C?(CAPC2012X60N)
Added Component: Designator=C?(CAPC2012X60N)
Added Component: Designator=R?(RESC2012X60N)
Added Component: Designator=R?(RESC2012X60N)
Added Component: Designator=R?(RESC2012X60N)
Added Component: Designator=R?(RESC2012X60N)
Added Component: Designator=R?(RESC2012X60N)
Added Component: Designator=R?(RESC2012X60N)
Added Component: Designator=R?(RESC2012X60N)
Added Component: Designator=R?(RESC2012X60N)
Added Component: Designator=R?(RESC2012X60N)
Added Pin To Net: NetName=+3V3 Pin=C1-1
Added Pin To Net: NetName=GND Pin=C1-2
Added Pin To Net: NetName=RLY+ Pin=C2-1
Added Pin To Net: NetName=GND Pin=C2-2
Added Pin To Net: NetName=GND Pin=C3-2
Added Pin To Net: NetName=GND Pin=C4-1
Added Pin To Net: NetName=RLY+ Pin=C4-2
Added Pin To Net: NetName=GND Pin=C5-1
Added Pin To Net: NetName=+12 Pin=C5-2
Added Pin To Net: NetName=GND Pin=C6-1
Added Pin To Net: NetName=+3V3 Pin=C6-2
Added Pin To Net: NetName=GND Pin=C7-1
Added Pin To Net: NetName=RLY+ Pin=C7-2
Added Pin To Net: NetName=DGND Pin=C?-1
Added Pin To Net: NetName=DGND Pin=C?-1
Added Pin To Net: NetName=MCLR Pin=CN?-1
Added Pin To Net: NetName=+3V3 Pin=CN?-2
Added Pin To Net: NetName=GND Pin=CN?-3
Added Pin To Net: NetName=ICS_D Pin=CN?-4
Added Pin To Net: NetName=ICS_C Pin=CN?-5
Added Pin To Net: NetName=+12 Pin=CN?-6
Added Pin To Net: NetName=RX Pin=CN?-9
Added Pin To Net: NetName=TX Pin=CN?-10
Added Pin To Net: NetName=NetD1_1 Pin=D1-1
Added Pin To Net: NetName=RLY- Pin=D1-1
Added Pin To Net: NetName=NEUT Pin=D1-2
Added Pin To Net: NetName=DGND Pin=D1-3
Added Pin To Net: NetName=RLY+ Pin=D1-3
Added Pin To Net: NetName=PD_A Pin=Q1-2
Added Pin To Net: NetName=RLY+ Pin=Q1-3
Added Pin To Net: NetName=NEUT Pin=Q2-1
Added Pin To Net: NetName=GND Pin=Q2-2
Added Pin To Net: NetName=RLY- Pin=Q2-3
Added Pin To Net: NetName=NetJ1_3 Pin=R3-1
Added Pin To Net: NetName=PSU_EN Pin=R3-1
Added Pin To Net: NetName=PD_C Pin=R4-1
Added Pin To Net: NetName=GND Pin=R4-2
Added Pin To Net: NetName=MCLR Pin=R5-1
Added Pin To Net: NetName=+3V3 Pin=R5-2
Added Pin To Net: NetName=NetR6_1 Pin=R6-1
Added Pin To Net: NetName=NetR6_2 Pin=R6-2
Added Pin To Net: NetName=NetR7_1 Pin=R7-1
Added Pin To Net: NetName=RLY+ Pin=R7-2
Added Pin To Net: NetName=NetR6_1 Pin=R8-2
Added Pin To Net: NetName=NetR7_1 Pin=R9-1
Added Pin To Net: NetName=DGND Pin=R9-2
Added Pin To Net: NetName=GND Pin=R9-2
Added Pin To Net: NetName=DGND Pin=R?-1
Added Pin To Net: NetName=DGND Pin=R?-1
Added Pin To Net: NetName=GND Pin=R?-1
Added Pin To Net: NetName=NetD1_1 Pin=R?-2
Added Pin To Net: NetName=NetD1_1 Pin=R?-2
Added Pin To Net: NetName=SCR_EN Pin=R?-2
Added Pin To Net: NetName=NetT_G Pin=T-G
Added Pin To Net: NetName=NetF_2 Pin=T-T2
Added Pin To Net: NetName=LINE_RLY Pin=U1-1
Added Pin To Net: NetName=LINE_RLY Pin=U1-2
Added Pin To Net: NetName=LINE_SNS Pin=U1-3
Added Pin To Net: NetName=LINE_SNS Pin=U1-4
Added Pin To Net: NetName=GND Pin=U1-5
Added Pin To Net: NetName=RLY+ Pin=U1-8
Added Pin To Net: NetName=AC_CUR Pin=U2-1
Added Pin To Net: NetName=NetR6_2 Pin=U2-1
Added Pin To Net: NetName=NetR6_1 Pin=U2-2
Added Pin To Net: NetName=PSU_EN Pin=U2-2
Added Pin To Net: NetName=DGND Pin=U2-3
Added Pin To Net: NetName=NetR7_1 Pin=U2-3
Added Pin To Net: NetName=GND Pin=U2-4
Added Pin To Net: NetName=GND Pin=U2-4
Added Pin To Net: NetName=+12 Pin=U2-8
Added Pin To Net: NetName=+12 Pin=U2-8
Added Pin To Net: NetName=GND Pin=U3-1
Added Pin To Net: NetName=RLY+ Pin=U3-2
Added Pin To Net: NetName=RLY+ Pin=U3-2
Added Pin To Net: NetName=+12 Pin=U3-3
Added Pin To Net: NetName=GND Pin=U5-1
Added Pin To Net: NetName=+3V3 Pin=U5-2
Added Pin To Net: NetName=RLY+ Pin=U5-3
Change Net Name : Old Net Name=NetR1_1 New Net Name=NetR?_1
Change Net Name : Old Net Name=NetR10_1 New Net Name=NetR?_1
Added Pin To Net: NetName=+3.3V Pin=U1-1
Added Net: Name=+3.3V
Added Net: Name=+9V
Added Pin To Net: NetName=+V_BOOST Pin=R7-2
Added Net: Name=+V_BOOST
Added Net: Name=BAT_C
Added Net: Name=CSN
Added Net: Name=CTLEN
Added Net: Name=MISO
Added Net: Name=MOSI
Added Net: Name=NetC79_1
Added Net: Name=NetC80_1
Added Net: Name=NetC80_2
Added Net: Name=NetC86_1
Added Net: Name=NetC86_2
Added Pin To Net: NetName=NetC?_1 Pin=C?-1
Added Net: Name=NetC?_1
Added Pin To Net: NetName=NetC?_2 Pin=C?-2
Added Net: Name=NetC?_2
Added Net: Name=NetCN2_1
Added Net: Name=NetD2_2
Added Net: Name=NetD21_3
Added Pin To Net: NetName=NetD?_1 Pin=R?-2
Added Pin To Net: NetName=NetD?_1 Pin=R?-2
Added Net: Name=NetD?_1
Added Pin To Net: NetName=NetD?_4 Pin=T-T1
Added Net: Name=NetD?_4
Added Net: Name=NetLD21_2
Added Pin To Net: NetName=NetQ2_3 Pin=Q2-3
Added Pin To Net: NetName=NetQ2_3 Pin=U3-3
Added Net: Name=NetQ2_3
Added Net: Name=NetQ3_1
Added Pin To Net: NetName=NetQ?_1 Pin=Q?-1
Added Pin To Net: NetName=NetQ?_1 Pin=R?-1
Added Net: Name=NetQ?_1
Added Pin To Net: NetName=NetR2_2 Pin=R2-2
Added Net: Name=NetR2_2
Added Pin To Net: NetName=NetR5_1 Pin=R5-1
Added Pin To Net: NetName=NetR5_1 Pin=U3-1
Added Net: Name=NetR5_1
Added Pin To Net: NetName=NetR5_2 Pin=R5-2
Added Pin To Net: NetName=NetR5_2 Pin=U1-8
Added Net: Name=NetR5_2
Added Pin To Net: NetName=NetR8_2 Pin=R8-2
Added Net: Name=NetR8_2
Added Net: Name=NetR68_1
Added Net: Name=NetR73_2
Added Pin To Net: NetName=NetR?_2 Pin=R?-2
Added Pin To Net: NetName=NetR?_2 Pin=R?-2
Added Net: Name=NetR?_2
Added Net: Name=NetU4_7
Added Net: Name=NetU4_8
Added Net: Name=RST
Added Net: Name=SCK
Change Class Name : Old Net Name=SmartPlugV2 New Net Name=P_A19_SmartPlugV3
Added Class: Name=P_A19_SmartPlugV1
Added Class: Name=P_A19_SmartPlugV2
Added Member To Class: ClassName=P_A19_SmartPlugV3 Member=Component C? 100N
Added Member To Class: ClassName=P_A19_SmartPlugV3 Member=Component R? 10K
