Added Component: Designator=C?(CAPC2012X60N)
Added Component: Designator=C?(CAPAE830X1050)
Added Component: Designator=C?(CAPC2012X60N)
Added Component: Designator=C?(CAPC2012X60N)
Added Component: Designator=C?(CAPC2012X60N)
Added Component: Designator=C?(CAPAE430X540)
Added Component: Designator=C?(CAPAE830X1050)
Added Component: Designator=C?(CAPC2012X60N)
Added Component: Designator=D?(SOT95P230X110-3N)
Added Component: Designator=R?(RESC2012X60N)
Added Component: Designator=R?(RESC2012X60N)
Added Component: Designator=R?(RESC2012X60N)
Added Component: Designator=R?(RESC2012X60N)
Added Component: Designator=R?(RESC2012X60N)
Added Component: Designator=U?(SOIC127P600X175-9N)
Added Pin To Net: NetName=+V_BOOST Pin=C?-1
Added Pin To Net: NetName=+V_BOOST Pin=C?-2
Added Pin To Net: NetName=+V_BOOST Pin=D?-1
Added Pin To Net: NetName=+V_BOOST Pin=R?-2
Added Net: Name=+V_BOOST
Added Pin To Net: NetName=+V_POWER Pin=C?-1
Added Pin To Net: NetName=+V_POWER Pin=C?-1
Added Pin To Net: NetName=+V_POWER Pin=C?-2
Added Pin To Net: NetName=+V_POWER Pin=R?-2
Added Pin To Net: NetName=+V_POWER Pin=U?-9
Added Net: Name=+V_POWER
Added Pin To Net: NetName=DGND Pin=C?-1
Added Pin To Net: NetName=DGND Pin=C?-1
Added Pin To Net: NetName=DGND Pin=C?-2
Added Pin To Net: NetName=DGND Pin=C?-2
Added Pin To Net: NetName=DGND Pin=C?-2
Added Pin To Net: NetName=DGND Pin=C?-2
Added Pin To Net: NetName=DGND Pin=R?-1
Added Pin To Net: NetName=DGND Pin=R?-1
Added Pin To Net: NetName=DGND Pin=R?-1
Added Pin To Net: NetName=DGND Pin=U?-3
Added Net: Name=DGND
Added Pin To Net: NetName=NetC?_1 Pin=C?-1
Added Pin To Net: NetName=NetC?_1 Pin=U?-5
Added Net: Name=NetC?_1
Added Pin To Net: NetName=NetC?_2 Pin=C?-2
Added Pin To Net: NetName=NetC?_2 Pin=U?-2
Added Net: Name=NetC?_2
Added Pin To Net: NetName=NetD?_3 Pin=D?-3
Added Net: Name=NetD?_3
Added Pin To Net: NetName=NetR?_1 Pin=R?-1
Added Pin To Net: NetName=NetR?_1 Pin=R?-2
Added Pin To Net: NetName=NetR?_1 Pin=U?-6
Added Net: Name=NetR?_1
Added Pin To Net: NetName=NetR?_2 Pin=R?-2
Added Pin To Net: NetName=NetR?_2 Pin=U?-4
Added Net: Name=NetR?_2
Added Member To Class: ClassName=P_A19_SmartPlugV3 Member=Component C? 1N5
Added Member To Class: ClassName=P_A19_SmartPlugV3 Member=Component CN_IN screwterminal
Added Member To Class: ClassName=P_A19_SmartPlugV3 Member=Component CN_OUT screwterminal
Added Member To Class: ClassName=P_A19_SmartPlugV3 Member=Component D? ZHCS1000TA
Added Member To Class: ClassName=P_A19_SmartPlugV3 Member=Component R? 12K
Added Member To Class: ClassName=P_A19_SmartPlugV3 Member=Component U? AOZ1283PI
