Removed Pin From Net: NetName=+12 Pin=C5-2
Removed Pin From Net: NetName=VREC Pin=D1-1
Removed Pin From Net: NetName=NEUT Pin=D1-2
Removed Pin From Net: NetName=PD_A Pin=Q1-2
Removed Pin From Net: NetName=NEUT Pin=Q2-1
Removed Pin From Net: NetName=RLY- Pin=Q2-3
Removed Pin From Net: NetName=NetR2_2 Pin=R2-2
Removed Pin From Net: NetName=NetQ2_1 Pin=R3-2
Removed Pin From Net: NetName=PD_C Pin=R4-1
Removed Pin From Net: NetName=NetR5_1 Pin=R5-1
Removed Pin From Net: NetName=NetR5_2 Pin=R5-2
Removed Pin From Net: NetName=NetR6_1 Pin=R6-1
Removed Pin From Net: NetName=NetR6_2 Pin=R6-2
Removed Pin From Net: NetName=NetR8_2 Pin=R8-2
Removed Pin From Net: NetName=SCR_EN Pin=R31-2
Removed Pin From Net: NetName=LINE_RLY Pin=U1-1
Removed Pin From Net: NetName=LINE_RLY Pin=U1-2
Removed Pin From Net: NetName=LINE_SNS Pin=U1-3
Removed Pin From Net: NetName=LINE_SNS Pin=U1-4
Removed Pin From Net: NetName=NetR6_2 Pin=U2-1
Removed Pin From Net: NetName=NetR6_1 Pin=U2-2
Removed Pin From Net: NetName=NetR5_1 Pin=U3-1
Removed Pin From Net: NetName=NetQ2_3 Pin=U3-3
Removed Member From Class: ClassName=P_A19_SmartPlugV3 Member=R27
Removed Member From Class: ClassName=P_A19_SmartPlugV3 Member=R31
Removed Member From Class: ClassName=P_A19_SmartPlugV3 Member=T
Change Component Description : Designator=R2 Old Description=1/10W ±1% 220O ±100ppm/? 0603 New Description=1/10W ±1% 220O ±100ppm/? 0603
Change Component Description : Designator=R3 Old Description=1/10W ±1% 220O ±100ppm/? 0603 New Description=1/10W ±1% 220O ±100ppm/? 0603
Change Component Description : Designator=R4 Old Description=1/10W ±1% 220O ±100ppm/? 0603 New Description=1/10W ±1% 220O ±100ppm/? 0603
Change Component Description : Designator=R5 Old Description=1/10W ±1% 220O ±100ppm/? 0603 New Description=1/10W ±1% 220O ±100ppm/? 0603
Change Component Description : Designator=R6 Old Description=1/10W ±1% 220O ±100ppm/? 0603 New Description=1/10W ±1% 220O ±100ppm/? 0603
Change Component Description : Designator=R7 Old Description=1/10W ±1% 220O ±100ppm/? 0603 New Description=1/10W ±1% 220O ±100ppm/? 0603
Change Component Description : Designator=R8 Old Description=1/10W ±1% 220O ±100ppm/? 0603 New Description=1/10W ±1% 220O ±100ppm/? 0603
Change Component Description : Designator=R9 Old Description=1/10W ±1% 220O ±100ppm/? 0603 New Description=1/10W ±1% 220O ±100ppm/? 0603
Change Component Description : Designator=R10 Old Description=1/10W ±1% 220O ±100ppm/? 0603 New Description=1/10W ±1% 220O ±100ppm/? 0603
Change Component Description : Designator=R11 Old Description=1/10W ±1% 220O ±100ppm/? 0603 New Description=1/10W ±1% 220O ±100ppm/? 0603
Change Component Description : Designator=R12 Old Description=1/10W ±1% 220O ±100ppm/? 0603 New Description=1/10W ±1% 220O ±100ppm/? 0603
Change Component Description : Designator=R13 Old Description=1/10W ±1% 220O ±100ppm/? 0603 New Description=1/10W ±1% 220O ±100ppm/? 0603
Change Component Description : Designator=R14 Old Description=1/10W ±1% 220O ±100ppm/? 0603 New Description=1/10W ±1% 220O ±100ppm/? 0603
Change Component Description : Designator=R15 Old Description=1/10W ±1% 220O ±100ppm/? 0603 New Description=1/10W ±1% 220O ±100ppm/? 0603
Change Component Description : Designator=R16 Old Description=1/10W ±1% 220O ±100ppm/? 0603 New Description=1/10W ±1% 220O ±100ppm/? 0603
Change Component Description : Designator=R17 Old Description=1/10W ±1% 220O ±100ppm/? 0603 New Description=1/10W ±1% 220O ±100ppm/? 0603
Change Component Description : Designator=R18 Old Description=1/10W ±1% 220O ±100ppm/? 0603 New Description=1/10W ±1% 220O ±100ppm/? 0603
Change Component Description : Designator=R19 Old Description=1/10W ±1% 220O ±100ppm/? 0603 New Description=1/10W ±1% 220O ±100ppm/? 0603
Change Component Description : Designator=R20 Old Description=1/10W ±1% 220O ±100ppm/? 0603 New Description=1/10W ±1% 220O ±100ppm/? 0603
Change Component Library : Designator=T Old Library=[0307]Thrysistors_BTA316-800E.SchLib New Library=[0307]Thrysistors_BTA316-800E.IntLib
Added Component: Designator=D10(SOIC254P670X180-4N)
Added Component: Designator=F1(FUSC1608X60N)
Added Component: Designator=Q?(TO460P1010X230-3N)
Added Pin To Net: NetName=+3V3 Pin=C1-1
Added Pin To Net: NetName=GND Pin=C1-2
Added Pin To Net: NetName=RLY+ Pin=C2-1
Added Pin To Net: NetName=GND Pin=C2-2
Added Pin To Net: NetName=GND Pin=C3-2
Added Pin To Net: NetName=GND Pin=C4-1
Added Pin To Net: NetName=RLY+ Pin=C4-2
Added Pin To Net: NetName=GND Pin=C5-1
Added Pin To Net: NetName=+12 Pin=C5-2
Added Pin To Net: NetName=LS+ Pin=C5-2
Added Pin To Net: NetName=GND Pin=C6-1
Added Pin To Net: NetName=+3V3 Pin=C6-2
Added Pin To Net: NetName=GND Pin=C7-1
Added Pin To Net: NetName=RLY+ Pin=C7-2
Added Pin To Net: NetName=RLY- Pin=D1-1
Added Pin To Net: NetName=VREC Pin=D10-1
Added Pin To Net: NetName=DGND Pin=D10-3
Added Pin To Net: NetName=PD_A Pin=Q1-2
Added Pin To Net: NetName=RLY+ Pin=Q1-3
Added Pin To Net: NetName=NetQ2_1 Pin=Q2-1
Added Pin To Net: NetName=NEUT Pin=Q2-1
Added Pin To Net: NetName=GND Pin=Q2-2
Added Pin To Net: NetName=NetQ2_3 Pin=Q2-3
Added Pin To Net: NetName=RLY- Pin=Q2-3
Added Pin To Net: NetName=NetC12_1 Pin=Q?-1
Added Pin To Net: NetName=VREC Pin=Q?-2
Added Pin To Net: NetName=VREG Pin=Q?-3
Added Pin To Net: NetName=AC_CTL Pin=R2-2
Added Pin To Net: NetName=NetR2_2 Pin=R2-2
Added Pin To Net: NetName=NetJ1_3 Pin=R3-1
Added Pin To Net: NetName=NetQ2_1 Pin=R3-2
Added Pin To Net: NetName=PD_C Pin=R4-1
Added Pin To Net: NetName=GND Pin=R4-2
Added Pin To Net: NetName=MCLR Pin=R5-1
Added Pin To Net: NetName=NetR5_1 Pin=R5-1
Added Pin To Net: NetName=+3V3 Pin=R5-2
Added Pin To Net: NetName=+3V3 Pin=R5-2
Added Pin To Net: NetName=NetR5_2 Pin=R5-2
Added Pin To Net: NetName=NetR6_1 Pin=R6-1
Added Pin To Net: NetName=AC_CUR Pin=R6-2
Added Pin To Net: NetName=NetR6_2 Pin=R6-2
Added Pin To Net: NetName=+V_BOOST Pin=R7-2
Added Pin To Net: NetName=RLY+ Pin=R7-2
Added Pin To Net: NetName=NetR6_1 Pin=R8-2
Added Pin To Net: NetName=NetR8_2 Pin=R8-2
Added Pin To Net: NetName=DGND Pin=R9-2
Added Pin To Net: NetName=GND Pin=R9-2
Added Pin To Net: NetName=+3.3V Pin=U1-1
Added Pin To Net: NetName=LINE_RLY Pin=U1-1
Added Pin To Net: NetName=LINE_RLY Pin=U1-2
Added Pin To Net: NetName=LINE_SNS Pin=U1-3
Added Pin To Net: NetName=LINE_SNS Pin=U1-4
Added Pin To Net: NetName=GND Pin=U1-5
Added Pin To Net: NetName=NetR5_2 Pin=U1-8
Added Pin To Net: NetName=RLY+ Pin=U1-8
Added Pin To Net: NetName=AC_CUR Pin=U2-1
Added Pin To Net: NetName=NetR6_2 Pin=U2-1
Added Pin To Net: NetName=NetR6_1 Pin=U2-2
Added Pin To Net: NetName=GND Pin=U2-4
Added Pin To Net: NetName=+12 Pin=U2-8
Added Pin To Net: NetName=GND Pin=U3-1
Added Pin To Net: NetName=GND Pin=U3-1
Added Pin To Net: NetName=NetR5_1 Pin=U3-1
Added Pin To Net: NetName=RLY+ Pin=U3-2
Added Pin To Net: NetName=RLY+ Pin=U3-2
Added Pin To Net: NetName=+12 Pin=U3-3
Added Pin To Net: NetName=LS+ Pin=U3-3
Added Pin To Net: NetName=NetQ2_3 Pin=U3-3
Added Pin To Net: NetName=GND Pin=U5-1
Added Pin To Net: NetName=+3V3 Pin=U5-2
Added Pin To Net: NetName=RLY+ Pin=U5-3
Added Pin To Net: NetName=NetCN_OUT_1 Pin=D10-2
Added Net: Name=NetCN_OUT_1
Added Pin To Net: NetName=NetD10_4 Pin=D10-4
Added Pin To Net: NetName=NetD10_4 Pin=F1-2
Added Net: Name=NetD10_4
Added Member To Class: ClassName=P_A19_SmartPlugV3 Member=Component D10 MB10F-13
Added Member To Class: ClassName=P_A19_SmartPlugV3 Member=Component F1 *
Added Member To Class: ClassName=P_A19_SmartPlugV3 Member=Component Q? BC846
