Added Component: Designator=C4(CAPC2012X60N)
Added Component: Designator=C5(CAPC2012X60N)
Added Component: Designator=Q?(SOT91P240X110-3N)
Added Component: Designator=Q?(SOT91P240X110-3N)
Added Component: Designator=R29(RESC2012X60N)
Added Component: Designator=R31(RESC2012X60N)
Added Component: Designator=R32(RESC2012X60N)
Added Component: Designator=R33(RESC2012X60N)
Added Component: Designator=U?(SOIC127P600X175-8N)
Added Pin To Net: NetName=GND Pin=C4-1
Added Pin To Net: NetName=LS+ Pin=C4-2
Added Pin To Net: NetName=GND Pin=C5-1
Added Pin To Net: NetName=RLY+ Pin=C5-2
Added Pin To Net: NetName=VREG Pin=Q?-1
Added Pin To Net: NetName=LS+ Pin=Q?-2
Added Pin To Net: NetName=VREG Pin=Q?-3
Added Pin To Net: NetName=GND Pin=R29-1
Added Pin To Net: NetName=VREG Pin=R29-2
Added Pin To Net: NetName=GND Pin=R32-2
Added Pin To Net: NetName=VREG Pin=R33-2
Added Pin To Net: NetName=RLY+ Pin=U?-1
Added Pin To Net: NetName=GND Pin=U?-2
Added Pin To Net: NetName=GND Pin=U?-3
Added Pin To Net: NetName=GND Pin=U?-6
Added Pin To Net: NetName=GND Pin=U?-7
Added Pin To Net: NetName=LS+ Pin=U?-8
Added Pin To Net: NetName=NetCN3_1 Pin=Q?-3
Added Pin To Net: NetName=NetCN3_1 Pin=R31-1
Added Net: Name=NetCN3_1
Added Pin To Net: NetName=NetQ?_1 Pin=Q?-1
Added Pin To Net: NetName=NetQ?_1 Pin=R32-1
Added Pin To Net: NetName=NetQ?_1 Pin=R33-1
Added Net: Name=NetQ?_1
Added Pin To Net: NetName=NetQ?_2 Pin=Q?-2
Added Pin To Net: NetName=NetQ?_2 Pin=R31-2
Added Net: Name=NetQ?_2
Added Member To Class: ClassName=P_A19_SmartPlugV3 Member=Component C4 1U
Added Member To Class: ClassName=P_A19_SmartPlugV3 Member=Component C5 1U
Added Member To Class: ClassName=P_A19_SmartPlugV3 Member=Component Q? DMP1045U
Added Member To Class: ClassName=P_A19_SmartPlugV3 Member=Component R29 10K
Added Member To Class: ClassName=P_A19_SmartPlugV3 Member=Component R31 10K
Added Member To Class: ClassName=P_A19_SmartPlugV3 Member=Component R33 82K
Added Member To Class: ClassName=P_A19_SmartPlugV3 Member=Component U? 78L05
