Removed Pin From Net: NetName=RLY- Pin=D1-1
Removed Pin From Net: NetName=NEUT Pin=D1-2
Removed Pin From Net: NetName=DGND Pin=D1-3
Removed Pin From Net: NetName=PD_A Pin=Q1-2
Removed Pin From Net: NetName=NEUT Pin=Q2-1
Removed Pin From Net: NetName=RLY- Pin=Q2-3
Removed Pin From Net: NetName=NetR2_2 Pin=R2-2
Removed Pin From Net: NetName=NetJ1_3 Pin=R3-1
Removed Pin From Net: NetName=NetQ2_1 Pin=R3-2
Removed Pin From Net: NetName=PD_C Pin=R4-1
Removed Pin From Net: NetName=NetR5_1 Pin=R5-1
Removed Pin From Net: NetName=NetR5_2 Pin=R5-2
Removed Pin From Net: NetName=NetR6_1 Pin=R6-1
Removed Pin From Net: NetName=NetR6_2 Pin=R6-2
Removed Pin From Net: NetName=NetR7_1 Pin=R7-1
Removed Pin From Net: NetName=NetR8_2 Pin=R8-2
Removed Pin From Net: NetName=NetR7_1 Pin=R9-1
Removed Pin From Net: NetName=NetT_G Pin=T-G
Removed Pin From Net: NetName=NetD3_4 Pin=T-T1
Removed Pin From Net: NetName=NetF_2 Pin=T-T2
Removed Pin From Net: NetName=LINE_RLY Pin=U1-1
Removed Pin From Net: NetName=LINE_RLY Pin=U1-2
Removed Pin From Net: NetName=LINE_SNS Pin=U1-3
Removed Pin From Net: NetName=LINE_SNS Pin=U1-4
Removed Pin From Net: NetName=AC_CUR Pin=U2-1
Removed Pin From Net: NetName=NetR5_1 Pin=U3-1
Removed Pin From Net: NetName=NetQ2_3 Pin=U3-3
Removed Member From Class: ClassName=P_A19_SmartPlugV1 Member=C9
Removed Member From Class: ClassName=P_A19_SmartPlugV3 Member=C9
Removed Member From Class: ClassName=P_A19_SmartPlugV1 Member=C10
Removed Member From Class: ClassName=P_A19_SmartPlugV3 Member=C10
Removed Member From Class: ClassName=P_A19_SmartPlugV1 Member=C14
Removed Member From Class: ClassName=P_A19_SmartPlugV3 Member=Q4
Removed Member From Class: ClassName=P_A19_SmartPlugV3 Member=R11
Added Pin To Net: NetName=+3V3 Pin=C1-1
Added Pin To Net: NetName=GND Pin=C1-2
Added Pin To Net: NetName=RLY+ Pin=C2-1
Added Pin To Net: NetName=GND Pin=C2-2
Added Pin To Net: NetName=GND Pin=C3-2
Added Pin To Net: NetName=GND Pin=C4-1
Added Pin To Net: NetName=RLY+ Pin=C4-2
Added Pin To Net: NetName=GND Pin=C5-1
Added Pin To Net: NetName=+12 Pin=C5-2
Added Pin To Net: NetName=GND Pin=C6-1
Added Pin To Net: NetName=+3V3 Pin=C6-2
Added Pin To Net: NetName=GND Pin=C7-1
Added Pin To Net: NetName=RLY+ Pin=C7-2
Added Pin To Net: NetName=RLY- Pin=D1-1
Added Pin To Net: NetName=NEUT Pin=D1-2
Added Pin To Net: NetName=DGND Pin=D1-3
Added Pin To Net: NetName=RLY+ Pin=D1-3
Added Pin To Net: NetName=PD_A Pin=Q1-2
Added Pin To Net: NetName=RLY+ Pin=Q1-3
Added Pin To Net: NetName=NetQ2_1 Pin=Q2-1
Added Pin To Net: NetName=NEUT Pin=Q2-1
Added Pin To Net: NetName=GND Pin=Q2-2
Added Pin To Net: NetName=NetQ2_3 Pin=Q2-3
Added Pin To Net: NetName=RLY- Pin=Q2-3
Added Pin To Net: NetName=AC_CTL Pin=R2-2
Added Pin To Net: NetName=NetR2_2 Pin=R2-2
Added Pin To Net: NetName=NetJ1_3 Pin=R3-1
Added Pin To Net: NetName=PSU_EN Pin=R3-1
Added Pin To Net: NetName=NetQ2_1 Pin=R3-2
Added Pin To Net: NetName=PD_C Pin=R4-1
Added Pin To Net: NetName=GND Pin=R4-2
Added Pin To Net: NetName=MCLR Pin=R5-1
Added Pin To Net: NetName=NetR5_1 Pin=R5-1
Added Pin To Net: NetName=+3V3 Pin=R5-2
Added Pin To Net: NetName=+3V3 Pin=R5-2
Added Pin To Net: NetName=NetR5_2 Pin=R5-2
Added Pin To Net: NetName=NetR6_1 Pin=R6-1
Added Pin To Net: NetName=AC_CUR Pin=R6-2
Added Pin To Net: NetName=NetR6_2 Pin=R6-2
Added Pin To Net: NetName=NetR7_1 Pin=R7-1
Added Pin To Net: NetName=+V_BOOST Pin=R7-2
Added Pin To Net: NetName=RLY+ Pin=R7-2
Added Pin To Net: NetName=NetR6_1 Pin=R8-2
Added Pin To Net: NetName=NetR8_2 Pin=R8-2
Added Pin To Net: NetName=NetR7_1 Pin=R9-1
Added Pin To Net: NetName=DGND Pin=R9-2
Added Pin To Net: NetName=GND Pin=R9-2
Added Pin To Net: NetName=NetT_G Pin=T-G
Added Pin To Net: NetName=NetD1_4 Pin=T-T1
Added Pin To Net: NetName=NetD3_4 Pin=T-T1
Added Pin To Net: NetName=NetF_2 Pin=T-T2
Added Pin To Net: NetName=+3.3V Pin=U1-1
Added Pin To Net: NetName=LINE_RLY Pin=U1-1
Added Pin To Net: NetName=LINE_RLY Pin=U1-2
Added Pin To Net: NetName=LINE_SNS Pin=U1-3
Added Pin To Net: NetName=LINE_SNS Pin=U1-4
Added Pin To Net: NetName=GND Pin=U1-5
Added Pin To Net: NetName=NetR5_2 Pin=U1-8
Added Pin To Net: NetName=RLY+ Pin=U1-8
Added Pin To Net: NetName=AC_CUR Pin=U2-1
Added Pin To Net: NetName=NetR6_2 Pin=U2-1
Added Pin To Net: NetName=GND Pin=U2-4
Added Pin To Net: NetName=+12 Pin=U2-8
Added Pin To Net: NetName=GND Pin=U3-1
Added Pin To Net: NetName=GND Pin=U3-1
Added Pin To Net: NetName=NetR5_1 Pin=U3-1
Added Pin To Net: NetName=RLY+ Pin=U3-2
Added Pin To Net: NetName=RLY+ Pin=U3-2
Added Pin To Net: NetName=+12 Pin=U3-3
Added Pin To Net: NetName=LS+ Pin=U3-3
Added Pin To Net: NetName=NetQ2_3 Pin=U3-3
Added Pin To Net: NetName=GND Pin=U5-1
Added Pin To Net: NetName=+3V3 Pin=U5-2
Added Pin To Net: NetName=RLY+ Pin=U5-3
Added Pin To Net: NetName=VREC Pin=D1-1
Added Pin To Net: NetName=VREC Pin=R21-2
Added Pin To Net: NetName=VREC Pin=R28-2
Added Net: Name=VREC
Added Pin To Net: NetName=VREG Pin=C12-2
Added Pin To Net: NetName=VREG Pin=C13-2
Added Pin To Net: NetName=VREG Pin=C14-2
Added Pin To Net: NetName=VREG Pin=Q5-1
Added Pin To Net: NetName=VREG Pin=Q6-1
Added Pin To Net: NetName=VREG Pin=R26-2
Added Pin To Net: NetName=VREG Pin=U7-6
Added Net: Name=VREG
Added Member To Class: ClassName=P_A19_SmartPlugV2 Member=Component C8 1uF
Added Member To Class: ClassName=P_A19_SmartPlugV2 Member=Component R10 510k
