Change Component Designator: OldDesignator=C? NewDesignator=C6
Change Component Designator: OldDesignator=C? NewDesignator=C7
Change Component Designator: OldDesignator=C? NewDesignator=C8
Change Component Designator: OldDesignator=C? NewDesignator=C9
Change Component Designator: OldDesignator=C? NewDesignator=C10
Change Component Designator: OldDesignator=C? NewDesignator=C11
Change Component Designator: OldDesignator=C? NewDesignator=C16
Change Component Designator: OldDesignator=C? NewDesignator=C17
Change Component Designator: OldDesignator=D? NewDesignator=D3
Change Component Designator: OldDesignator=R? NewDesignator=R1
Change Component Designator: OldDesignator=R? NewDesignator=R5
Change Component Designator: OldDesignator=R? NewDesignator=R10
Change Component Designator: OldDesignator=R? NewDesignator=R11
Change Component Designator: OldDesignator=R? NewDesignator=R12
Change Component Designator: OldDesignator=U? NewDesignator=U5
Change Net Name : Old Net Name=NetC?_1 New Net Name=NetC17_1
Change Net Name : Old Net Name=NetC?_2 New Net Name=NetC7_2
Change Net Name : Old Net Name=NetR?_1 New Net Name=NetR5_1
Change Net Name : Old Net Name=NetR?_2 New Net Name=NetR10_2
Added Pin To Net: NetName=NetC6_1 Pin=C6-1
Added Pin To Net: NetName=NetC6_1 Pin=U5-7
Added Net: Name=NetC6_1
Added Pin To Net: NetName=NetC7_1 Pin=C7-1
Added Pin To Net: NetName=NetC7_1 Pin=U5-1
Added Net: Name=NetC7_1
Added Pin To Net: NetName=NetC17_2 Pin=C17-2
Added Pin To Net: NetName=NetC17_2 Pin=R12-2
Added Net: Name=NetC17_2
Added Pin To Net: NetName=NetD3_3 Pin=D3-3
Added Net: Name=NetD3_3
Added Pin To Net: NetName=NetR1_1 Pin=R1-1
Added Pin To Net: NetName=NetR1_1 Pin=U5-8
Added Net: Name=NetR1_1
Added Member To Class: ClassName=P_A19_SmartPlugV3 Member=Component C6 100N
Added Member To Class: ClassName=P_A19_SmartPlugV3 Member=Component C7 100N
Added Member To Class: ClassName=P_A19_SmartPlugV3 Member=Component C8 10uF
Added Member To Class: ClassName=P_A19_SmartPlugV3 Member=Component C9 100uF
Added Member To Class: ClassName=P_A19_SmartPlugV3 Member=Component C10 1U
Added Member To Class: ClassName=P_A19_SmartPlugV3 Member=Component C11 47uF
Added Member To Class: ClassName=P_A19_SmartPlugV3 Member=Component C16 10U
Added Member To Class: ClassName=P_A19_SmartPlugV3 Member=Component R1 12K
Added Member To Class: ClassName=P_A19_SmartPlugV3 Member=Component R5 12K
Added Member To Class: ClassName=P_A19_SmartPlugV3 Member=Component R10 47K
Added Member To Class: ClassName=P_A19_SmartPlugV3 Member=Component R12 12K
